<?xml version="1.0" encoding="UTF-8"?>
<testng-results ignored="0" total="1" passed="1" failed="0" skipped="0">
  <reporter-output>
  </reporter-output>
  <suite started-at="2024-12-15T19:52:37 IST" name="Default suite" finished-at="2024-12-15T19:52:49 IST" duration-ms="12402">
    <groups>
    </groups>
    <test started-at="2024-12-15T19:52:37 IST" name="Default test" finished-at="2024-12-15T19:52:49 IST" duration-ms="12402">
      <class name="tutorialsNinja.Register.Tc_RF_001">
        <test-method signature="verifyRegisterWithMandatoryFields()[pri:0, instance:tutorialsNinja.Register.Tc_RF_001@6bd61f98]" started-at="2024-12-15T19:52:37 IST" name="verifyRegisterWithMandatoryFields" finished-at="2024-12-15T19:52:49 IST" duration-ms="12347" status="PASS">
          <reporter-output>
          </reporter-output>
        </test-method> <!-- verifyRegisterWithMandatoryFields -->
      </class> <!-- tutorialsNinja.Register.Tc_RF_001 -->
    </test> <!-- Default test -->
  </suite> <!-- Default suite -->
</testng-results>
