<?xml version="1.0" encoding="UTF-8"?>
<testng-results ignored="0" total="1" passed="1" failed="0" skipped="0">
  <reporter-output>
  </reporter-output>
  <suite started-at="2024-12-16T15:27:08 IST" name="Default suite" finished-at="2024-12-16T15:27:21 IST" duration-ms="12994">
    <groups>
    </groups>
    <test started-at="2024-12-16T15:27:08 IST" name="Default test" finished-at="2024-12-16T15:27:21 IST" duration-ms="12994">
      <class name="tutorialsNinja.Register.TC_RF_002">
        <test-method signature="verifyRegisterAccountWithAllFields()[pri:0, instance:tutorialsNinja.Register.TC_RF_002@6bd61f98]" started-at="2024-12-16T15:27:08 IST" name="verifyRegisterAccountWithAllFields" finished-at="2024-12-16T15:27:21 IST" duration-ms="12917" status="PASS">
          <reporter-output>
          </reporter-output>
        </test-method> <!-- verifyRegisterAccountWithAllFields -->
      </class> <!-- tutorialsNinja.Register.TC_RF_002 -->
    </test> <!-- Default test -->
  </suite> <!-- Default suite -->
</testng-results>
